{
  "RSpec": {
    "coverage": {
      "/home/developer/Kapil/Ticketbookingsystem/app/models/user.rb": {
        "lines": [
          1,
          null,
          null,
          1,
          null,
          1,
          null
        ]
      },
      "/home/developer/Kapil/Ticketbookingsystem/app/models/application_record.rb": {
        "lines": [
          1,
          1,
          null
        ]
      },
      "/home/developer/Kapil/Ticketbookingsystem/app/helpers/allbookings_helper.rb": {
        "lines": [
          1,
          null
        ]
      },
      "/home/developer/Kapil/Ticketbookingsystem/app/helpers/application_helper.rb": {
        "lines": [
          1,
          null
        ]
      },
      "/home/developer/Kapil/Ticketbookingsystem/app/helpers/bookings_helper.rb": {
        "lines": [
          1,
          null
        ]
      },
      "/home/developer/Kapil/Ticketbookingsystem/app/helpers/bookingtickets_helper.rb": {
        "lines": [
          1,
          null
        ]
      },
      "/home/developer/Kapil/Ticketbookingsystem/app/helpers/flights_helper.rb": {
        "lines": [
          1,
          null
        ]
      },
      "/home/developer/Kapil/Ticketbookingsystem/app/helpers/home_helper.rb": {
        "lines": [
          1,
          null
        ]
      },
      "/home/developer/Kapil/Ticketbookingsystem/app/helpers/payments_helper.rb": {
        "lines": [
          1,
          null
        ]
      },
      "/home/developer/Kapil/Ticketbookingsystem/app/helpers/tickets_helper.rb": {
        "lines": [
          1,
          null
        ]
      },
      "/home/developer/Kapil/Ticketbookingsystem/app/helpers/trains_helper.rb": {
        "lines": [
          1,
          null
        ]
      },
      "/home/developer/Kapil/Ticketbookingsystem/app/controllers/allbookings_controller.rb": {
        "lines": [
          1,
          1,
          null,
          null,
          1,
          0,
          null,
          null,
          1,
          0,
          null,
          null
        ]
      },
      "/home/developer/Kapil/Ticketbookingsystem/app/controllers/application_controller.rb": {
        "lines": [
          1,
          null
        ]
      },
      "/home/developer/Kapil/Ticketbookingsystem/app/controllers/flights_controller.rb": {
        "lines": [
          1,
          1,
          null,
          null,
          1,
          2,
          2,
          null,
          null
        ]
      },
      "/home/developer/Kapil/Ticketbookingsystem/app/controllers/home_controller.rb": {
        "lines": [
          1,
          1,
          null,
          null,
          1,
          2,
          2,
          null,
          null
        ]
      },
      "/home/developer/Kapil/Ticketbookingsystem/app/controllers/trains_controller.rb": {
        "lines": [
          1,
          1,
          null,
          null,
          1,
          2,
          2,
          null,
          null
        ]
      },
      "/home/developer/Kapil/Ticketbookingsystem/app/models/booking.rb": {
        "lines": [
          1,
          1,
          1,
          1,
          1,
          1,
          null
        ]
      },
      "/home/developer/Kapil/Ticketbookingsystem/app/models/bus.rb": {
        "lines": [
          1,
          1,
          1,
          1,
          null
        ]
      },
      "/home/developer/Kapil/Ticketbookingsystem/app/models/direction.rb": {
        "lines": [
          1,
          1,
          1,
          1,
          1,
          null
        ]
      },
      "/home/developer/Kapil/Ticketbookingsystem/app/models/flight.rb": {
        "lines": [
          1,
          1,
          null,
          1,
          1,
          null
        ]
      },
      "/home/developer/Kapil/Ticketbookingsystem/app/models/train.rb": {
        "lines": [
          1,
          1,
          null,
          1,
          1,
          null
        ]
      },
      "/home/developer/Kapil/Ticketbookingsystem/app/models/ticket.rb": {
        "lines": [
          1,
          1,
          null
        ]
      },
      "/home/developer/Kapil/Ticketbookingsystem/app/channels/application_cable/channel.rb": {
        "lines": [
          0,
          0,
          0,
          0
        ],
        "branches": {
        }
      },
      "/home/developer/Kapil/Ticketbookingsystem/app/channels/application_cable/connection.rb": {
        "lines": [
          0,
          0,
          0,
          0
        ],
        "branches": {
        }
      },
      "/home/developer/Kapil/Ticketbookingsystem/app/controllers/bookings_controller.rb": {
        "lines": [
          0,
          0,
          null,
          0,
          0,
          null,
          0,
          0,
          0,
          0,
          null,
          0,
          0,
          0,
          0,
          null,
          0,
          0,
          0,
          0,
          0,
          0,
          null,
          0,
          0,
          null,
          0,
          0,
          null,
          0,
          null,
          0,
          0,
          0,
          null,
          0,
          null,
          0,
          0,
          0,
          0,
          null,
          0,
          0,
          0,
          0,
          null,
          0,
          0,
          0,
          0,
          null,
          0,
          0,
          0,
          null,
          0,
          0,
          0,
          null,
          0,
          null,
          0,
          0,
          null,
          0,
          0,
          0,
          0,
          null,
          0,
          0,
          null,
          0,
          null,
          0,
          0,
          0,
          0,
          0,
          0,
          null,
          0,
          0,
          0,
          null,
          0,
          0,
          0,
          null,
          0,
          0,
          0,
          null,
          0,
          0,
          null,
          0,
          0,
          0,
          null,
          0,
          0,
          0,
          null,
          0,
          0,
          0,
          0,
          0,
          0
        ],
        "branches": {
        }
      },
      "/home/developer/Kapil/Ticketbookingsystem/app/controllers/payments_controller.rb": {
        "lines": [
          null,
          0,
          0,
          0,
          null,
          0,
          0,
          0,
          0,
          0,
          0,
          null,
          0,
          0,
          null,
          0,
          0,
          null,
          0,
          0,
          0,
          null,
          0,
          null,
          0,
          0,
          0,
          0,
          0,
          0
        ],
        "branches": {
        }
      },
      "/home/developer/Kapil/Ticketbookingsystem/app/jobs/application_job.rb": {
        "lines": [
          0,
          null,
          null,
          null,
          null,
          null,
          0
        ],
        "branches": {
        }
      },
      "/home/developer/Kapil/Ticketbookingsystem/app/mailers/application_mailer.rb": {
        "lines": [
          0,
          0,
          0,
          0
        ],
        "branches": {
        }
      },
      "/home/developer/Kapil/Ticketbookingsystem/app/mailers/booking_mailer.rb": {
        "lines": [
          0,
          0,
          0,
          0,
          0,
          0
        ],
        "branches": {
        }
      },
      "/home/developer/Kapil/Ticketbookingsystem/app/sidekiq/my_first_job.rb": {
        "lines": [
          0,
          0,
          0
        ],
        "branches": {
        }
      }
    },
    "timestamp": 1726036203
  }
}
